{}{}GraphAware\Neo4j\Client\Exception\Neo4jException: Property values can only be of primitive types or arrays thereof in /home/kbam7/lampstack-7.0.11-2/apache2/htdocs/matcha/vendor/graphaware/neo4j-php-client/src/Formatter/ResponseFormatter.php:30
Stack trace:
#0 /home/kbam7/lampstack-7.0.11-2/apache2/htdocs/matcha/vendor/graphaware/neo4j-php-client/src/HttpDriver/Session.php(79): GraphAware\Neo4j\Client\Formatter\ResponseFormatter->format(Array, Array)
#1 /home/kbam7/lampstack-7.0.11-2/apache2/htdocs/matcha/vendor/graphaware/neo4j-php-client/src/HttpDriver/Pipeline.php(37): GraphAware\Neo4j\Client\HttpDriver\Session->flush(Object(GraphAware\Neo4j\Client\HttpDriver\Pipeline))
#2 /home/kbam7/lampstack-7.0.11-2/apache2/htdocs/matcha/vendor/graphaware/neo4j-php-client/src/HttpDriver/Session.php(47): GraphAware\Neo4j\Client\HttpDriver\Pipeline->run()
#3 /home/kbam7/lampstack-7.0.11-2/apache2/htdocs/matcha/vendor/graphaware/neo4j-php-client/src/Connection/Connection.php(118): GraphAware\Neo4j\Client\HttpDriver\Session->run('CREATE (n:User)...', Array, NULL)
#4 /home/kbam7/lampstack-7.0.11-2/apache2/htdocs/matcha/vendor/graphaware/neo4j-php-client/src/Client.php(64): GraphAware\Neo4j\Client\Connection\Connection->run('CREATE (n:User)...', Array, NULL)
#5 /home/kbam7/lampstack-7.0.11-2/apache2/htdocs/matcha/php/create_acc.php(42): GraphAware\Neo4j\Client\Client->run('CREATE (n:User)...', Array)
#6 {main}GraphAware\Neo4j\Client\Exception\Neo4jException: Property values can only be of primitive types or arrays thereof in /home/kbam7/lampstack-7.0.11-2/apache2/htdocs/matcha/vendor/graphaware/neo4j-php-client/src/Formatter/ResponseFormatter.php:30
Stack trace:
#0 /home/kbam7/lampstack-7.0.11-2/apache2/htdocs/matcha/vendor/graphaware/neo4j-php-client/src/HttpDriver/Session.php(79): GraphAware\Neo4j\Client\Formatter\ResponseFormatter->format(Array, Array)
#1 /home/kbam7/lampstack-7.0.11-2/apache2/htdocs/matcha/vendor/graphaware/neo4j-php-client/src/HttpDriver/Pipeline.php(37): GraphAware\Neo4j\Client\HttpDriver\Session->flush(Object(GraphAware\Neo4j\Client\HttpDriver\Pipeline))
#2 /home/kbam7/lampstack-7.0.11-2/apache2/htdocs/matcha/vendor/graphaware/neo4j-php-client/src/HttpDriver/Session.php(47): GraphAware\Neo4j\Client\HttpDriver\Pipeline->run()
#3 /home/kbam7/lampstack-7.0.11-2/apache2/htdocs/matcha/vendor/graphaware/neo4j-php-client/src/Connection/Connection.php(118): GraphAware\Neo4j\Client\HttpDriver\Session->run('CREATE (n:User)...', Array, NULL)
#4 /home/kbam7/lampstack-7.0.11-2/apache2/htdocs/matcha/vendor/graphaware/neo4j-php-client/src/Client.php(64): GraphAware\Neo4j\Client\Connection\Connection->run('CREATE (n:User)...', Array, NULL)
#5 /home/kbam7/lampstack-7.0.11-2/apache2/htdocs/matcha/php/create_acc.php(52): GraphAware\Neo4j\Client\Client->run('CREATE (n:User)...', Array)
#6 {main}GraphAware\Neo4j\Client\Exception\Neo4jException: Property values can only be of primitive types or arrays thereof in /home/kbam7/lampstack-7.0.11-2/apache2/htdocs/matcha/vendor/graphaware/neo4j-php-client/src/Formatter/ResponseFormatter.php:30
Stack trace:
#0 /home/kbam7/lampstack-7.0.11-2/apache2/htdocs/matcha/vendor/graphaware/neo4j-php-client/src/HttpDriver/Session.php(79): GraphAware\Neo4j\Client\Formatter\ResponseFormatter->format(Array, Array)
#1 /home/kbam7/lampstack-7.0.11-2/apache2/htdocs/matcha/vendor/graphaware/neo4j-php-client/src/HttpDriver/Pipeline.php(37): GraphAware\Neo4j\Client\HttpDriver\Session->flush(Object(GraphAware\Neo4j\Client\HttpDriver\Pipeline))
#2 /home/kbam7/lampstack-7.0.11-2/apache2/htdocs/matcha/vendor/graphaware/neo4j-php-client/src/HttpDriver/Session.php(47): GraphAware\Neo4j\Client\HttpDriver\Pipeline->run()
#3 /home/kbam7/lampstack-7.0.11-2/apache2/htdocs/matcha/vendor/graphaware/neo4j-php-client/src/Connection/Connection.php(118): GraphAware\Neo4j\Client\HttpDriver\Session->run('CREATE (n:User)...', Array, NULL)
#4 /home/kbam7/lampstack-7.0.11-2/apache2/htdocs/matcha/vendor/graphaware/neo4j-php-client/src/Client.php(64): GraphAware\Neo4j\Client\Connection\Connection->run('CREATE (n:User)...', Array, NULL)
#5 /home/kbam7/lampstack-7.0.11-2/apache2/htdocs/matcha/php/create_acc.php(55): GraphAware\Neo4j\Client\Client->run('CREATE (n:User)...', Array)
#6 {main}GraphAware\Neo4j\Client\Exception\Neo4jException: Property values can only be of primitive types or arrays thereof in /home/kbam7/lampstack-7.0.11-2/apache2/htdocs/matcha/vendor/graphaware/neo4j-php-client/src/Formatter/ResponseFormatter.php:30
Stack trace:
#0 /home/kbam7/lampstack-7.0.11-2/apache2/htdocs/matcha/vendor/graphaware/neo4j-php-client/src/HttpDriver/Session.php(79): GraphAware\Neo4j\Client\Formatter\ResponseFormatter->format(Array, Array)
#1 /home/kbam7/lampstack-7.0.11-2/apache2/htdocs/matcha/vendor/graphaware/neo4j-php-client/src/HttpDriver/Pipeline.php(37): GraphAware\Neo4j\Client\HttpDriver\Session->flush(Object(GraphAware\Neo4j\Client\HttpDriver\Pipeline))
#2 /home/kbam7/lampstack-7.0.11-2/apache2/htdocs/matcha/vendor/graphaware/neo4j-php-client/src/HttpDriver/Session.php(47): GraphAware\Neo4j\Client\HttpDriver\Pipeline->run()
#3 /home/kbam7/lampstack-7.0.11-2/apache2/htdocs/matcha/vendor/graphaware/neo4j-php-client/src/Connection/Connection.php(118): GraphAware\Neo4j\Client\HttpDriver\Session->run('CREATE (n:User)...', Array, NULL)
#4 /home/kbam7/lampstack-7.0.11-2/apache2/htdocs/matcha/vendor/graphaware/neo4j-php-client/src/Client.php(64): GraphAware\Neo4j\Client\Connection\Connection->run('CREATE (n:User)...', Array, NULL)
#5 /home/kbam7/lampstack-7.0.11-2/apache2/htdocs/matcha/php/create_acc.php(55): GraphAware\Neo4j\Client\Client->run('CREATE (n:User)...', Array)
#6 {main}GraphAware\Neo4j\Client\Exception\Neo4jException: Property values can only be of primitive types or arrays thereof in /home/kbam7/lampstack-7.0.11-2/apache2/htdocs/matcha/vendor/graphaware/neo4j-php-client/src/Formatter/ResponseFormatter.php:30
Stack trace:
#0 /home/kbam7/lampstack-7.0.11-2/apache2/htdocs/matcha/vendor/graphaware/neo4j-php-client/src/HttpDriver/Session.php(79): GraphAware\Neo4j\Client\Formatter\ResponseFormatter->format(Array, Array)
#1 /home/kbam7/lampstack-7.0.11-2/apache2/htdocs/matcha/vendor/graphaware/neo4j-php-client/src/HttpDriver/Pipeline.php(37): GraphAware\Neo4j\Client\HttpDriver\Session->flush(Object(GraphAware\Neo4j\Client\HttpDriver\Pipeline))
#2 /home/kbam7/lampstack-7.0.11-2/apache2/htdocs/matcha/vendor/graphaware/neo4j-php-client/src/HttpDriver/Session.php(47): GraphAware\Neo4j\Client\HttpDriver\Pipeline->run()
#3 /home/kbam7/lampstack-7.0.11-2/apache2/htdocs/matcha/vendor/graphaware/neo4j-php-client/src/Connection/Connection.php(118): GraphAware\Neo4j\Client\HttpDriver\Session->run('CREATE (n:User)...', Array, NULL)
#4 /home/kbam7/lampstack-7.0.11-2/apache2/htdocs/matcha/vendor/graphaware/neo4j-php-client/src/Client.php(64): GraphAware\Neo4j\Client\Connection\Connection->run('CREATE (n:User)...', Array, NULL)
#5 /home/kbam7/lampstack-7.0.11-2/apache2/htdocs/matcha/php/create_acc.php(55): GraphAware\Neo4j\Client\Client->run('CREATE (n:User)...', Array)
#6 {main}GraphAware\Neo4j\Client\Exception\Neo4jException: Property values can only be of primitive types or arrays thereof in /home/kbam7/lampstack-7.0.11-2/apache2/htdocs/matcha/vendor/graphaware/neo4j-php-client/src/Formatter/ResponseFormatter.php:30
Stack trace:
#0 /home/kbam7/lampstack-7.0.11-2/apache2/htdocs/matcha/vendor/graphaware/neo4j-php-client/src/HttpDriver/Session.php(79): GraphAware\Neo4j\Client\Formatter\ResponseFormatter->format(Array, Array)
#1 /home/kbam7/lampstack-7.0.11-2/apache2/htdocs/matcha/vendor/graphaware/neo4j-php-client/src/HttpDriver/Pipeline.php(37): GraphAware\Neo4j\Client\HttpDriver\Session->flush(Object(GraphAware\Neo4j\Client\HttpDriver\Pipeline))
#2 /home/kbam7/lampstack-7.0.11-2/apache2/htdocs/matcha/vendor/graphaware/neo4j-php-client/src/HttpDriver/Session.php(47): GraphAware\Neo4j\Client\HttpDriver\Pipeline->run()
#3 /home/kbam7/lampstack-7.0.11-2/apache2/htdocs/matcha/vendor/graphaware/neo4j-php-client/src/Connection/Connection.php(118): GraphAware\Neo4j\Client\HttpDriver\Session->run('CREATE (n:User)...', Array, NULL)
#4 /home/kbam7/lampstack-7.0.11-2/apache2/htdocs/matcha/vendor/graphaware/neo4j-php-client/src/Client.php(64): GraphAware\Neo4j\Client\Connection\Connection->run('CREATE (n:User)...', Array, NULL)
#5 /home/kbam7/lampstack-7.0.11-2/apache2/htdocs/matcha/php/create_acc.php(55): GraphAware\Neo4j\Client\Client->run('CREATE (n:User)...', Array)
#6 {main}GraphAware\Neo4j\Client\Exception\Neo4jException: Property values can only be of primitive types or arrays thereof in /home/kbam7/lampstack-7.0.11-2/apache2/htdocs/matcha/vendor/graphaware/neo4j-php-client/src/Formatter/ResponseFormatter.php:30
Stack trace:
#0 /home/kbam7/lampstack-7.0.11-2/apache2/htdocs/matcha/vendor/graphaware/neo4j-php-client/src/HttpDriver/Session.php(79): GraphAware\Neo4j\Client\Formatter\ResponseFormatter->format(Array, Array)
#1 /home/kbam7/lampstack-7.0.11-2/apache2/htdocs/matcha/vendor/graphaware/neo4j-php-client/src/HttpDriver/Pipeline.php(37): GraphAware\Neo4j\Client\HttpDriver\Session->flush(Object(GraphAware\Neo4j\Client\HttpDriver\Pipeline))
#2 /home/kbam7/lampstack-7.0.11-2/apache2/htdocs/matcha/vendor/graphaware/neo4j-php-client/src/HttpDriver/Session.php(47): GraphAware\Neo4j\Client\HttpDriver\Pipeline->run()
#3 /home/kbam7/lampstack-7.0.11-2/apache2/htdocs/matcha/vendor/graphaware/neo4j-php-client/src/Connection/Connection.php(118): GraphAware\Neo4j\Client\HttpDriver\Session->run('CREATE (n:User)...', Array, NULL)
#4 /home/kbam7/lampstack-7.0.11-2/apache2/htdocs/matcha/vendor/graphaware/neo4j-php-client/src/Client.php(64): GraphAware\Neo4j\Client\Connection\Connection->run('CREATE (n:User)...', Array, NULL)
#5 /home/kbam7/lampstack-7.0.11-2/apache2/htdocs/matcha/php/create_acc.php(55): GraphAware\Neo4j\Client\Client->run('CREATE (n:User)...', Array)
#6 {main}GraphAware\Neo4j\Client\Exception\Neo4jException: Property values can only be of primitive types or arrays thereof in /home/kbam7/lampstack-7.0.11-2/apache2/htdocs/matcha/vendor/graphaware/neo4j-php-client/src/Formatter/ResponseFormatter.php:30
Stack trace:
#0 /home/kbam7/lampstack-7.0.11-2/apache2/htdocs/matcha/vendor/graphaware/neo4j-php-client/src/HttpDriver/Session.php(79): GraphAware\Neo4j\Client\Formatter\ResponseFormatter->format(Array, Array)
#1 /home/kbam7/lampstack-7.0.11-2/apache2/htdocs/matcha/vendor/graphaware/neo4j-php-client/src/HttpDriver/Pipeline.php(37): GraphAware\Neo4j\Client\HttpDriver\Session->flush(Object(GraphAware\Neo4j\Client\HttpDriver\Pipeline))
#2 /home/kbam7/lampstack-7.0.11-2/apache2/htdocs/matcha/vendor/graphaware/neo4j-php-client/src/HttpDriver/Session.php(47): GraphAware\Neo4j\Client\HttpDriver\Pipeline->run()
#3 /home/kbam7/lampstack-7.0.11-2/apache2/htdocs/matcha/vendor/graphaware/neo4j-php-client/src/Connection/Connection.php(118): GraphAware\Neo4j\Client\HttpDriver\Session->run('CREATE (n:User)...', Array, NULL)
#4 /home/kbam7/lampstack-7.0.11-2/apache2/htdocs/matcha/vendor/graphaware/neo4j-php-client/src/Client.php(64): GraphAware\Neo4j\Client\Connection\Connection->run('CREATE (n:User)...', Array, NULL)
#5 /home/kbam7/lampstack-7.0.11-2/apache2/htdocs/matcha/php/create_acc.php(55): GraphAware\Neo4j\Client\Client->run('CREATE (n:User)...', Array)
#6 {main}GraphAware\Neo4j\Client\Exception\Neo4jException: Property values can only be of primitive types or arrays thereof in /home/kbam7/lampstack-7.0.11-2/apache2/htdocs/matcha/vendor/graphaware/neo4j-php-client/src/Formatter/ResponseFormatter.php:30
Stack trace:
#0 /home/kbam7/lampstack-7.0.11-2/apache2/htdocs/matcha/vendor/graphaware/neo4j-php-client/src/HttpDriver/Session.php(79): GraphAware\Neo4j\Client\Formatter\ResponseFormatter->format(Array, Array)
#1 /home/kbam7/lampstack-7.0.11-2/apache2/htdocs/matcha/vendor/graphaware/neo4j-php-client/src/HttpDriver/Pipeline.php(37): GraphAware\Neo4j\Client\HttpDriver\Session->flush(Object(GraphAware\Neo4j\Client\HttpDriver\Pipeline))
#2 /home/kbam7/lampstack-7.0.11-2/apache2/htdocs/matcha/vendor/graphaware/neo4j-php-client/src/HttpDriver/Session.php(47): GraphAware\Neo4j\Client\HttpDriver\Pipeline->run()
#3 /home/kbam7/lampstack-7.0.11-2/apache2/htdocs/matcha/vendor/graphaware/neo4j-php-client/src/Connection/Connection.php(118): GraphAware\Neo4j\Client\HttpDriver\Session->run('CREATE (n:User)...', Array, NULL)
#4 /home/kbam7/lampstack-7.0.11-2/apache2/htdocs/matcha/vendor/graphaware/neo4j-php-client/src/Client.php(64): GraphAware\Neo4j\Client\Connection\Connection->run('CREATE (n:User)...', Array, NULL)
#5 /home/kbam7/lampstack-7.0.11-2/apache2/htdocs/matcha/php/create_acc.php(55): GraphAware\Neo4j\Client\Client->run('CREATE (n:User)...', Array)
#6 {main}GraphAware\Neo4j\Client\Exception\Neo4jException: Property values can only be of primitive types or arrays thereof in /home/kbam7/lampstack-7.0.11-2/apache2/htdocs/matcha/vendor/graphaware/neo4j-php-client/src/Formatter/ResponseFormatter.php:30
Stack trace:
#0 /home/kbam7/lampstack-7.0.11-2/apache2/htdocs/matcha/vendor/graphaware/neo4j-php-client/src/HttpDriver/Session.php(79): GraphAware\Neo4j\Client\Formatter\ResponseFormatter->format(Array, Array)
#1 /home/kbam7/lampstack-7.0.11-2/apache2/htdocs/matcha/vendor/graphaware/neo4j-php-client/src/HttpDriver/Pipeline.php(37): GraphAware\Neo4j\Client\HttpDriver\Session->flush(Object(GraphAware\Neo4j\Client\HttpDriver\Pipeline))
#2 /home/kbam7/lampstack-7.0.11-2/apache2/htdocs/matcha/vendor/graphaware/neo4j-php-client/src/HttpDriver/Session.php(47): GraphAware\Neo4j\Client\HttpDriver\Pipeline->run()
#3 /home/kbam7/lampstack-7.0.11-2/apache2/htdocs/matcha/vendor/graphaware/neo4j-php-client/src/Connection/Connection.php(118): GraphAware\Neo4j\Client\HttpDriver\Session->run('CREATE (n:User)...', Array, NULL)
#4 /home/kbam7/lampstack-7.0.11-2/apache2/htdocs/matcha/vendor/graphaware/neo4j-php-client/src/Client.php(64): GraphAware\Neo4j\Client\Connection\Connection->run('CREATE (n:User)...', Array, NULL)
#5 /home/kbam7/lampstack-7.0.11-2/apache2/htdocs/matcha/php/create_acc.php(55): GraphAware\Neo4j\Client\Client->run('CREATE (n:User)...', Array)
#6 {main}GraphAware\Neo4j\Client\Exception\Neo4jException: Property values can only be of primitive types or arrays thereof in /home/kbam7/lampstack-7.0.11-2/apache2/htdocs/matcha/vendor/graphaware/neo4j-php-client/src/Formatter/ResponseFormatter.php:30
Stack trace:
#0 /home/kbam7/lampstack-7.0.11-2/apache2/htdocs/matcha/vendor/graphaware/neo4j-php-client/src/HttpDriver/Session.php(79): GraphAware\Neo4j\Client\Formatter\ResponseFormatter->format(Array, Array)
#1 /home/kbam7/lampstack-7.0.11-2/apache2/htdocs/matcha/vendor/graphaware/neo4j-php-client/src/HttpDriver/Pipeline.php(37): GraphAware\Neo4j\Client\HttpDriver\Session->flush(Object(GraphAware\Neo4j\Client\HttpDriver\Pipeline))
#2 /home/kbam7/lampstack-7.0.11-2/apache2/htdocs/matcha/vendor/graphaware/neo4j-php-client/src/HttpDriver/Session.php(47): GraphAware\Neo4j\Client\HttpDriver\Pipeline->run()
#3 /home/kbam7/lampstack-7.0.11-2/apache2/htdocs/matcha/vendor/graphaware/neo4j-php-client/src/Connection/Connection.php(118): GraphAware\Neo4j\Client\HttpDriver\Session->run('CREATE (n:User)...', Array, NULL)
#4 /home/kbam7/lampstack-7.0.11-2/apache2/htdocs/matcha/vendor/graphaware/neo4j-php-client/src/Client.php(64): GraphAware\Neo4j\Client\Connection\Connection->run('CREATE (n:User)...', Array, NULL)
#5 /home/kbam7/lampstack-7.0.11-2/apache2/htdocs/matcha/php/create_acc.php(55): GraphAware\Neo4j\Client\Client->run('CREATE (n:User)...', Array)
#6 {main}GraphAware\Neo4j\Client\Exception\Neo4jException: Property values can only be of primitive types or arrays thereof in /home/kbam7/lampstack-7.0.11-2/apache2/htdocs/matcha/vendor/graphaware/neo4j-php-client/src/Formatter/ResponseFormatter.php:30
Stack trace:
#0 /home/kbam7/lampstack-7.0.11-2/apache2/htdocs/matcha/vendor/graphaware/neo4j-php-client/src/HttpDriver/Session.php(79): GraphAware\Neo4j\Client\Formatter\ResponseFormatter->format(Array, Array)
#1 /home/kbam7/lampstack-7.0.11-2/apache2/htdocs/matcha/vendor/graphaware/neo4j-php-client/src/HttpDriver/Pipeline.php(37): GraphAware\Neo4j\Client\HttpDriver\Session->flush(Object(GraphAware\Neo4j\Client\HttpDriver\Pipeline))
#2 /home/kbam7/lampstack-7.0.11-2/apache2/htdocs/matcha/vendor/graphaware/neo4j-php-client/src/HttpDriver/Session.php(47): GraphAware\Neo4j\Client\HttpDriver\Pipeline->run()
#3 /home/kbam7/lampstack-7.0.11-2/apache2/htdocs/matcha/vendor/graphaware/neo4j-php-client/src/Connection/Connection.php(118): GraphAware\Neo4j\Client\HttpDriver\Session->run('CREATE (n:User)...', Array, NULL)
#4 /home/kbam7/lampstack-7.0.11-2/apache2/htdocs/matcha/vendor/graphaware/neo4j-php-client/src/Client.php(64): GraphAware\Neo4j\Client\Connection\Connection->run('CREATE (n:User)...', Array, NULL)
#5 /home/kbam7/lampstack-7.0.11-2/apache2/htdocs/matcha/php/create_acc.php(55): GraphAware\Neo4j\Client\Client->run('CREATE (n:User)...', Array)
#6 {main}GraphAware\Neo4j\Client\Exception\Neo4jException: Property values can only be of primitive types or arrays thereof in /home/kbam7/lampstack-7.0.11-2/apache2/htdocs/matcha/vendor/graphaware/neo4j-php-client/src/Formatter/ResponseFormatter.php:30
Stack trace:
#0 /home/kbam7/lampstack-7.0.11-2/apache2/htdocs/matcha/vendor/graphaware/neo4j-php-client/src/HttpDriver/Session.php(79): GraphAware\Neo4j\Client\Formatter\ResponseFormatter->format(Array, Array)
#1 /home/kbam7/lampstack-7.0.11-2/apache2/htdocs/matcha/vendor/graphaware/neo4j-php-client/src/HttpDriver/Pipeline.php(37): GraphAware\Neo4j\Client\HttpDriver\Session->flush(Object(GraphAware\Neo4j\Client\HttpDriver\Pipeline))
#2 /home/kbam7/lampstack-7.0.11-2/apache2/htdocs/matcha/vendor/graphaware/neo4j-php-client/src/HttpDriver/Session.php(47): GraphAware\Neo4j\Client\HttpDriver\Pipeline->run()
#3 /home/kbam7/lampstack-7.0.11-2/apache2/htdocs/matcha/vendor/graphaware/neo4j-php-client/src/Connection/Connection.php(118): GraphAware\Neo4j\Client\HttpDriver\Session->run('CREATE (n:User)...', Array, NULL)
#4 /home/kbam7/lampstack-7.0.11-2/apache2/htdocs/matcha/vendor/graphaware/neo4j-php-client/src/Client.php(64): GraphAware\Neo4j\Client\Connection\Connection->run('CREATE (n:User)...', Array, NULL)
#5 /home/kbam7/lampstack-7.0.11-2/apache2/htdocs/matcha/php/create_acc.php(55): GraphAware\Neo4j\Client\Client->run('CREATE (n:User)...', Array)
#6 {main}GraphAware\Neo4j\Client\Exception\Neo4jException: Property values can only be of primitive types or arrays thereof in /home/kbam7/lampstack-7.0.11-2/apache2/htdocs/matcha/vendor/graphaware/neo4j-php-client/src/Formatter/ResponseFormatter.php:30
Stack trace:
#0 /home/kbam7/lampstack-7.0.11-2/apache2/htdocs/matcha/vendor/graphaware/neo4j-php-client/src/HttpDriver/Session.php(79): GraphAware\Neo4j\Client\Formatter\ResponseFormatter->format(Array, Array)
#1 /home/kbam7/lampstack-7.0.11-2/apache2/htdocs/matcha/vendor/graphaware/neo4j-php-client/src/HttpDriver/Pipeline.php(37): GraphAware\Neo4j\Client\HttpDriver\Session->flush(Object(GraphAware\Neo4j\Client\HttpDriver\Pipeline))
#2 /home/kbam7/lampstack-7.0.11-2/apache2/htdocs/matcha/vendor/graphaware/neo4j-php-client/src/HttpDriver/Session.php(47): GraphAware\Neo4j\Client\HttpDriver\Pipeline->run()
#3 /home/kbam7/lampstack-7.0.11-2/apache2/htdocs/matcha/vendor/graphaware/neo4j-php-client/src/Connection/Connection.php(118): GraphAware\Neo4j\Client\HttpDriver\Session->run('CREATE (n:User)...', Array, NULL)
#4 /home/kbam7/lampstack-7.0.11-2/apache2/htdocs/matcha/vendor/graphaware/neo4j-php-client/src/Client.php(64): GraphAware\Neo4j\Client\Connection\Connection->run('CREATE (n:User)...', Array, NULL)
#5 /home/kbam7/lampstack-7.0.11-2/apache2/htdocs/matcha/php/create_acc.php(55): GraphAware\Neo4j\Client\Client->run('CREATE (n:User)...', Array)
#6 {main}GraphAware\Neo4j\Client\Exception\Neo4jException: Property values can only be of primitive types or arrays thereof in /home/kbam7/lampstack-7.0.11-2/apache2/htdocs/matcha/vendor/graphaware/neo4j-php-client/src/Formatter/ResponseFormatter.php:30
Stack trace:
#0 /home/kbam7/lampstack-7.0.11-2/apache2/htdocs/matcha/vendor/graphaware/neo4j-php-client/src/HttpDriver/Session.php(79): GraphAware\Neo4j\Client\Formatter\ResponseFormatter->format(Array, Array)
#1 /home/kbam7/lampstack-7.0.11-2/apache2/htdocs/matcha/vendor/graphaware/neo4j-php-client/src/HttpDriver/Pipeline.php(37): GraphAware\Neo4j\Client\HttpDriver\Session->flush(Object(GraphAware\Neo4j\Client\HttpDriver\Pipeline))
#2 /home/kbam7/lampstack-7.0.11-2/apache2/htdocs/matcha/vendor/graphaware/neo4j-php-client/src/HttpDriver/Session.php(47): GraphAware\Neo4j\Client\HttpDriver\Pipeline->run()
#3 /home/kbam7/lampstack-7.0.11-2/apache2/htdocs/matcha/vendor/graphaware/neo4j-php-client/src/Connection/Connection.php(118): GraphAware\Neo4j\Client\HttpDriver\Session->run('CREATE (n:User)...', Array, NULL)
#4 /home/kbam7/lampstack-7.0.11-2/apache2/htdocs/matcha/vendor/graphaware/neo4j-php-client/src/Client.php(64): GraphAware\Neo4j\Client\Connection\Connection->run('CREATE (n:User)...', Array, NULL)
#5 /home/kbam7/lampstack-7.0.11-2/apache2/htdocs/matcha/php/create_acc.php(55): GraphAware\Neo4j\Client\Client->run('CREATE (n:User)...', Array)
#6 {main}GraphAware\Neo4j\Client\Exception\Neo4jException: Property values can only be of primitive types or arrays thereof in /home/kbam7/lampstack-7.0.11-2/apache2/htdocs/matcha/vendor/graphaware/neo4j-php-client/src/Formatter/ResponseFormatter.php:30
Stack trace:
#0 /home/kbam7/lampstack-7.0.11-2/apache2/htdocs/matcha/vendor/graphaware/neo4j-php-client/src/HttpDriver/Session.php(79): GraphAware\Neo4j\Client\Formatter\ResponseFormatter->format(Array, Array)
#1 /home/kbam7/lampstack-7.0.11-2/apache2/htdocs/matcha/vendor/graphaware/neo4j-php-client/src/HttpDriver/Pipeline.php(37): GraphAware\Neo4j\Client\HttpDriver\Session->flush(Object(GraphAware\Neo4j\Client\HttpDriver\Pipeline))
#2 /home/kbam7/lampstack-7.0.11-2/apache2/htdocs/matcha/vendor/graphaware/neo4j-php-client/src/HttpDriver/Session.php(47): GraphAware\Neo4j\Client\HttpDriver\Pipeline->run()
#3 /home/kbam7/lampstack-7.0.11-2/apache2/htdocs/matcha/vendor/graphaware/neo4j-php-client/src/Connection/Connection.php(118): GraphAware\Neo4j\Client\HttpDriver\Session->run('CREATE (n:User)...', Array, NULL)
#4 /home/kbam7/lampstack-7.0.11-2/apache2/htdocs/matcha/vendor/graphaware/neo4j-php-client/src/Client.php(64): GraphAware\Neo4j\Client\Connection\Connection->run('CREATE (n:User)...', Array, NULL)
#5 /home/kbam7/lampstack-7.0.11-2/apache2/htdocs/matcha/php/create_acc.php(55): GraphAware\Neo4j\Client\Client->run('CREATE (n:User)...', Array)
#6 {main}GraphAware\Neo4j\Client\Exception\Neo4jException: Property values can only be of primitive types or arrays thereof in /home/kbam7/lampstack-7.0.11-2/apache2/htdocs/matcha/vendor/graphaware/neo4j-php-client/src/Formatter/ResponseFormatter.php:30
Stack trace:
#0 /home/kbam7/lampstack-7.0.11-2/apache2/htdocs/matcha/vendor/graphaware/neo4j-php-client/src/HttpDriver/Session.php(79): GraphAware\Neo4j\Client\Formatter\ResponseFormatter->format(Array, Array)
#1 /home/kbam7/lampstack-7.0.11-2/apache2/htdocs/matcha/vendor/graphaware/neo4j-php-client/src/HttpDriver/Pipeline.php(37): GraphAware\Neo4j\Client\HttpDriver\Session->flush(Object(GraphAware\Neo4j\Client\HttpDriver\Pipeline))
#2 /home/kbam7/lampstack-7.0.11-2/apache2/htdocs/matcha/vendor/graphaware/neo4j-php-client/src/HttpDriver/Session.php(47): GraphAware\Neo4j\Client\HttpDriver\Pipeline->run()
#3 /home/kbam7/lampstack-7.0.11-2/apache2/htdocs/matcha/vendor/graphaware/neo4j-php-client/src/Connection/Connection.php(118): GraphAware\Neo4j\Client\HttpDriver\Session->run('CREATE (n:User)...', Array, NULL)
#4 /home/kbam7/lampstack-7.0.11-2/apache2/htdocs/matcha/vendor/graphaware/neo4j-php-client/src/Client.php(64): GraphAware\Neo4j\Client\Connection\Connection->run('CREATE (n:User)...', Array, NULL)
#5 /home/kbam7/lampstack-7.0.11-2/apache2/htdocs/matcha/php/create_acc.php(55): GraphAware\Neo4j\Client\Client->run('CREATE (n:User)...', Array)
#6 {main}GraphAware\Neo4j\Client\Exception\Neo4jException: Property values can only be of primitive types or arrays thereof in /home/kbam7/lampstack-7.0.11-2/apache2/htdocs/matcha/vendor/graphaware/neo4j-php-client/src/Formatter/ResponseFormatter.php:30
Stack trace:
#0 /home/kbam7/lampstack-7.0.11-2/apache2/htdocs/matcha/vendor/graphaware/neo4j-php-client/src/HttpDriver/Session.php(79): GraphAware\Neo4j\Client\Formatter\ResponseFormatter->format(Array, Array)
#1 /home/kbam7/lampstack-7.0.11-2/apache2/htdocs/matcha/vendor/graphaware/neo4j-php-client/src/HttpDriver/Pipeline.php(37): GraphAware\Neo4j\Client\HttpDriver\Session->flush(Object(GraphAware\Neo4j\Client\HttpDriver\Pipeline))
#2 /home/kbam7/lampstack-7.0.11-2/apache2/htdocs/matcha/vendor/graphaware/neo4j-php-client/src/HttpDriver/Session.php(47): GraphAware\Neo4j\Client\HttpDriver\Pipeline->run()
#3 /home/kbam7/lampstack-7.0.11-2/apache2/htdocs/matcha/vendor/graphaware/neo4j-php-client/src/Connection/Connection.php(118): GraphAware\Neo4j\Client\HttpDriver\Session->run('CREATE (n:User)...', Array, NULL)
#4 /home/kbam7/lampstack-7.0.11-2/apache2/htdocs/matcha/vendor/graphaware/neo4j-php-client/src/Client.php(64): GraphAware\Neo4j\Client\Connection\Connection->run('CREATE (n:User)...', Array, NULL)
#5 /home/kbam7/lampstack-7.0.11-2/apache2/htdocs/matcha/php/create_acc.php(55): GraphAware\Neo4j\Client\Client->run('CREATE (n:User)...', Array)
#6 {main}GraphAware\Neo4j\Client\Exception\Neo4jException: Property values can only be of primitive types or arrays thereof in /home/kbam7/lampstack-7.0.11-2/apache2/htdocs/matcha/vendor/graphaware/neo4j-php-client/src/Formatter/ResponseFormatter.php:30
Stack trace:
#0 /home/kbam7/lampstack-7.0.11-2/apache2/htdocs/matcha/vendor/graphaware/neo4j-php-client/src/HttpDriver/Session.php(79): GraphAware\Neo4j\Client\Formatter\ResponseFormatter->format(Array, Array)
#1 /home/kbam7/lampstack-7.0.11-2/apache2/htdocs/matcha/vendor/graphaware/neo4j-php-client/src/HttpDriver/Pipeline.php(37): GraphAware\Neo4j\Client\HttpDriver\Session->flush(Object(GraphAware\Neo4j\Client\HttpDriver\Pipeline))
#2 /home/kbam7/lampstack-7.0.11-2/apache2/htdocs/matcha/vendor/graphaware/neo4j-php-client/src/HttpDriver/Session.php(47): GraphAware\Neo4j\Client\HttpDriver\Pipeline->run()
#3 /home/kbam7/lampstack-7.0.11-2/apache2/htdocs/matcha/vendor/graphaware/neo4j-php-client/src/Connection/Connection.php(118): GraphAware\Neo4j\Client\HttpDriver\Session->run('CREATE (n:User)...', Array, NULL)
#4 /home/kbam7/lampstack-7.0.11-2/apache2/htdocs/matcha/vendor/graphaware/neo4j-php-client/src/Client.php(64): GraphAware\Neo4j\Client\Connection\Connection->run('CREATE (n:User)...', Array, NULL)
#5 /home/kbam7/lampstack-7.0.11-2/apache2/htdocs/matcha/php/create_acc.php(55): GraphAware\Neo4j\Client\Client->run('CREATE (n:User)...', Array)
#6 {main}GraphAware\Neo4j\Client\Exception\Neo4jException: Property values can only be of primitive types or arrays thereof in /home/kbam7/lampstack-7.0.11-2/apache2/htdocs/matcha/vendor/graphaware/neo4j-php-client/src/Formatter/ResponseFormatter.php:30
Stack trace:
#0 /home/kbam7/lampstack-7.0.11-2/apache2/htdocs/matcha/vendor/graphaware/neo4j-php-client/src/HttpDriver/Session.php(79): GraphAware\Neo4j\Client\Formatter\ResponseFormatter->format(Array, Array)
#1 /home/kbam7/lampstack-7.0.11-2/apache2/htdocs/matcha/vendor/graphaware/neo4j-php-client/src/HttpDriver/Pipeline.php(37): GraphAware\Neo4j\Client\HttpDriver\Session->flush(Object(GraphAware\Neo4j\Client\HttpDriver\Pipeline))
#2 /home/kbam7/lampstack-7.0.11-2/apache2/htdocs/matcha/vendor/graphaware/neo4j-php-client/src/HttpDriver/Session.php(47): GraphAware\Neo4j\Client\HttpDriver\Pipeline->run()
#3 /home/kbam7/lampstack-7.0.11-2/apache2/htdocs/matcha/vendor/graphaware/neo4j-php-client/src/Connection/Connection.php(118): GraphAware\Neo4j\Client\HttpDriver\Session->run('CREATE (n:User)...', Array, NULL)
#4 /home/kbam7/lampstack-7.0.11-2/apache2/htdocs/matcha/vendor/graphaware/neo4j-php-client/src/Client.php(64): GraphAware\Neo4j\Client\Connection\Connection->run('CREATE (n:User)...', Array, NULL)
#5 /home/kbam7/lampstack-7.0.11-2/apache2/htdocs/matcha/php/create_acc.php(55): GraphAware\Neo4j\Client\Client->run('CREATE (n:User)...', Array)
#6 {main}